#-----------------------------------------------------------
# Vivado v2018.1 (64-bit)
# SW Build 2188600 on Wed Apr  4 18:40:38 MDT 2018
# IP Build 2185939 on Wed Apr  4 20:55:05 MDT 2018
# Start of session at: Tue May  7 09:41:34 2024
# Process ID: 12104
# Current directory: D:/Ishan Thisara Processor
# Command line: vivado.exe -gui_launcher_event rodinguilauncherevent17888 D:\Ishan Thisara Processor\Ishan Thisara Processor.xpr
# Log file: D:/Ishan Thisara Processor/vivado.log
# Journal file: D:/Ishan Thisara Processor\vivado.jou
#-----------------------------------------------------------
start_gui
open_project {D:/Ishan Thisara Processor/Ishan Thisara Processor.xpr}
CRITICAL WARNING: [Project 1-19] Could not find the file 'D:/Lab 3/Lab 3.srcs/sources_1/new/FA.vhd'.
CRITICAL WARNING: [Project 1-19] Could not find the file 'D:/Lab 3/Lab 3.srcs/sources_1/new/HA.vhd'.
Scanning sources...
Finished scanning sources
INFO: [IP_Flow 19-234] Refreshing IP repositories
INFO: [IP_Flow 19-1704] No user IP repositories specified
INFO: [IP_Flow 19-2313] Loaded Vivado IP repository 'D:/Vivado/2018.1/data/ip'.
update_compile_order -fileset sources_1
launch_simulation
INFO: [Vivado 12-5682] Launching behavioral simulation in 'D:/Ishan Thisara Processor/Ishan Thisara Processor.sim/sim_1/behav/xsim'
INFO: [SIM-utils-51] Simulation object is 'sim_1'
INFO: [SIM-utils-54] Inspecting design source files for 'TB_System' in fileset 'sim_1'...
INFO: [USF-XSim-97] Finding global include files...
INFO: [USF-XSim-98] Fetching design files from 'sim_1'...
INFO: [USF-XSim-2] XSim::Compile design
INFO: [USF-XSim-61] Executing 'COMPILE and ANALYZE' step in 'D:/Ishan Thisara Processor/Ishan Thisara Processor.sim/sim_1/behav/xsim'
"xvhdl --incr --relax -prj TB_System_vhdl.prj"
INFO: [USF-XSim-69] 'compile' step finished in '1' seconds
INFO: [USF-XSim-3] XSim::Elaborate design
INFO: [USF-XSim-61] Executing 'ELABORATE' step in 'D:/Ishan Thisara Processor/Ishan Thisara Processor.sim/sim_1/behav/xsim'
Vivado Simulator 2018.1
Copyright 1986-1999, 2001-2017 Xilinx, Inc. All Rights Reserved.
Running: D:/Vivado/2018.1/bin/unwrapped/win64.o/xelab.exe -wto 9afbf9deccd54a5c9f6c9da91898057f --incr --debug typical --relax --mt 2 -L xil_defaultlib -L secureip --snapshot TB_System_behav xil_defaultlib.TB_System -log elaborate.log 
Using 2 slave threads.
Starting static elaboration
Completed static elaboration
INFO: [XSIM 43-4323] No Change in HDL. Linking previously generated obj files to create kernel
INFO: [USF-XSim-69] 'elaborate' step finished in '1' seconds
INFO: [USF-XSim-4] XSim::Simulate design
INFO: [USF-XSim-61] Executing 'SIMULATE' step in 'D:/Ishan Thisara Processor/Ishan Thisara Processor.sim/sim_1/behav/xsim'
INFO: [USF-XSim-98] *** Running xsim
   with args "TB_System_behav -key {Behavioral:sim_1:Functional:TB_System} -tclbatch {TB_System.tcl} -log {simulate.log}"
INFO: [USF-XSim-8] Loading simulator feature
Vivado Simulator 2018.1
Time resolution is 1 ps
ERROR: [Simulator 45-7] No such file 'D:/Ishan' in the design.

ERROR: [USF-XSim-62] 'simulate' step failed with errors. Please check the Tcl console or log files for more information.
ERROR: [Vivado 12-4473] Detected error while running simulation. Please correct the issue and retry this operation.
launch_simulation: Time (s): cpu = 00:00:00 ; elapsed = 00:00:06 . Memory (MB): peak = 971.828 ; gain = 0.000
ERROR: [Common 17-39] 'launch_simulation' failed due to earlier errors.
reset_run synth_1
WARNING: [Vivado 12-1017] Problems encountered:
1. Failed to delete one or more files in run directory D:/Ishan Thisara Processor/Ishan Thisara Processor.runs/synth_1

launch_runs synth_1 -jobs 10
[Tue May  7 09:42:48 2024] Launched synth_1...
Run output will be captured here: D:/Ishan Thisara Processor/Ishan Thisara Processor.runs/synth_1/runme.log
launch_runs impl_1 -jobs 10
[Tue May  7 09:43:23 2024] Launched impl_1...
Run output will be captured here: D:/Ishan Thisara Processor/Ishan Thisara Processor.runs/impl_1/runme.log
reset_run synth_1
WARNING: [Vivado 12-1017] Problems encountered:
1. Failed to delete one or more files in run directory D:/Ishan Thisara Processor/Ishan Thisara Processor.runs/synth_1

launch_runs synth_1 -jobs 10
[Tue May  7 09:43:46 2024] Launched synth_1...
Run output will be captured here: D:/Ishan Thisara Processor/Ishan Thisara Processor.runs/synth_1/runme.log
launch_runs impl_1 -jobs 10
[Tue May  7 09:44:21 2024] Launched impl_1...
Run output will be captured here: D:/Ishan Thisara Processor/Ishan Thisara Processor.runs/impl_1/runme.log
INFO: [Simtcl 6-16] Simulation closed
launch_simulation
INFO: [Vivado 12-5682] Launching behavioral simulation in 'D:/Ishan Thisara Processor/Ishan Thisara Processor.sim/sim_1/behav/xsim'
INFO: [SIM-utils-51] Simulation object is 'sim_1'
INFO: [SIM-utils-54] Inspecting design source files for 'TB_System' in fileset 'sim_1'...
INFO: [USF-XSim-97] Finding global include files...
INFO: [USF-XSim-98] Fetching design files from 'sim_1'...
INFO: [USF-XSim-2] XSim::Compile design
INFO: [USF-XSim-61] Executing 'COMPILE and ANALYZE' step in 'D:/Ishan Thisara Processor/Ishan Thisara Processor.sim/sim_1/behav/xsim'
"xvhdl --incr --relax -prj TB_System_vhdl.prj"
INFO: [USF-XSim-69] 'compile' step finished in '1' seconds
INFO: [USF-XSim-3] XSim::Elaborate design
INFO: [USF-XSim-61] Executing 'ELABORATE' step in 'D:/Ishan Thisara Processor/Ishan Thisara Processor.sim/sim_1/behav/xsim'
Vivado Simulator 2018.1
Copyright 1986-1999, 2001-2017 Xilinx, Inc. All Rights Reserved.
Running: D:/Vivado/2018.1/bin/unwrapped/win64.o/xelab.exe -wto 9afbf9deccd54a5c9f6c9da91898057f --incr --debug typical --relax --mt 2 -L xil_defaultlib -L secureip --snapshot TB_System_behav xil_defaultlib.TB_System -log elaborate.log 
Using 2 slave threads.
Starting static elaboration
Completed static elaboration
INFO: [XSIM 43-4323] No Change in HDL. Linking previously generated obj files to create kernel
INFO: [USF-XSim-69] 'elaborate' step finished in '1' seconds
INFO: [USF-XSim-4] XSim::Simulate design
INFO: [USF-XSim-61] Executing 'SIMULATE' step in 'D:/Ishan Thisara Processor/Ishan Thisara Processor.sim/sim_1/behav/xsim'
INFO: [USF-XSim-98] *** Running xsim
   with args "TB_System_behav -key {Behavioral:sim_1:Functional:TB_System} -tclbatch {TB_System.tcl} -log {simulate.log}"
INFO: [USF-XSim-8] Loading simulator feature
Vivado Simulator 2018.1
Time resolution is 1 ps
ERROR: [Simulator 45-7] No such file 'D:/Ishan' in the design.

ERROR: [USF-XSim-62] 'simulate' step failed with errors. Please check the Tcl console or log files for more information.
ERROR: [Vivado 12-4473] Detected error while running simulation. Please correct the issue and retry this operation.
launch_simulation: Time (s): cpu = 00:00:00 ; elapsed = 00:00:06 . Memory (MB): peak = 993.781 ; gain = 0.000
ERROR: [Common 17-39] 'launch_simulation' failed due to earlier errors.
open_run impl_1
INFO: [Netlist 29-17] Analyzing 16 Unisim elements for replacement
INFO: [Netlist 29-28] Unisim Transformation completed in 0 CPU seconds
INFO: [Project 1-479] Netlist was created with Vivado 2018.1
INFO: [Device 21-403] Loading part xc7a35tcpg236-1
INFO: [Project 1-570] Preparing netlist for logic optimization
INFO: [Timing 38-478] Restoring timing data from binary archive.
INFO: [Timing 38-479] Binary timing data restore complete.
INFO: [Project 1-856] Restoring constraints from binary archive.
INFO: [Project 1-853] Binary constraint restore complete.
Reading XDEF placement.
Reading placer database...
Reading XDEF routing.
Read XDEF File: Time (s): cpu = 00:00:00 ; elapsed = 00:00:00.028 . Memory (MB): peak = 1815.219 ; gain = 0.000
Restored from archive | CPU: 0.000000 secs | Memory: 0.000000 MB |
Finished XDEF File Restore: Time (s): cpu = 00:00:00 ; elapsed = 00:00:00.028 . Memory (MB): peak = 1815.219 ; gain = 0.000
INFO: [Project 1-111] Unisim Transformation Summary:
  A total of 2 instances were transformed.
  LDCP => LDCP (GND, LUT3, LUT3, LDCE, VCC): 1 instances
  LDCP => LDCP (inverted pins: G) (GND, LUT3, LUT3, LDCE, VCC): 1 instances

open_run: Time (s): cpu = 00:00:08 ; elapsed = 00:00:15 . Memory (MB): peak = 1955.957 ; gain = 962.176
INFO: [Simtcl 6-16] Simulation closed
launch_simulation
INFO: [Vivado 12-5682] Launching behavioral simulation in 'D:/Ishan Thisara Processor/Ishan Thisara Processor.sim/sim_1/behav/xsim'
INFO: [SIM-utils-51] Simulation object is 'sim_1'
INFO: [SIM-utils-54] Inspecting design source files for 'TB_System' in fileset 'sim_1'...
INFO: [USF-XSim-97] Finding global include files...
INFO: [USF-XSim-98] Fetching design files from 'sim_1'...
INFO: [USF-XSim-2] XSim::Compile design
INFO: [USF-XSim-61] Executing 'COMPILE and ANALYZE' step in 'D:/Ishan Thisara Processor/Ishan Thisara Processor.sim/sim_1/behav/xsim'
"xvhdl --incr --relax -prj TB_System_vhdl.prj"
INFO: [USF-XSim-69] 'compile' step finished in '1' seconds
INFO: [USF-XSim-3] XSim::Elaborate design
INFO: [USF-XSim-61] Executing 'ELABORATE' step in 'D:/Ishan Thisara Processor/Ishan Thisara Processor.sim/sim_1/behav/xsim'
Vivado Simulator 2018.1
Copyright 1986-1999, 2001-2017 Xilinx, Inc. All Rights Reserved.
Running: D:/Vivado/2018.1/bin/unwrapped/win64.o/xelab.exe -wto 9afbf9deccd54a5c9f6c9da91898057f --incr --debug typical --relax --mt 2 -L xil_defaultlib -L secureip --snapshot TB_System_behav xil_defaultlib.TB_System -log elaborate.log 
Using 2 slave threads.
Starting static elaboration
Completed static elaboration
INFO: [XSIM 43-4323] No Change in HDL. Linking previously generated obj files to create kernel
INFO: [USF-XSim-69] 'elaborate' step finished in '1' seconds
INFO: [USF-XSim-4] XSim::Simulate design
INFO: [USF-XSim-61] Executing 'SIMULATE' step in 'D:/Ishan Thisara Processor/Ishan Thisara Processor.sim/sim_1/behav/xsim'
INFO: [USF-XSim-98] *** Running xsim
   with args "TB_System_behav -key {Behavioral:sim_1:Functional:TB_System} -tclbatch {TB_System.tcl} -log {simulate.log}"
INFO: [USF-XSim-8] Loading simulator feature
Vivado Simulator 2018.1
Time resolution is 1 ps
ERROR: [Simulator 45-7] No such file 'D:/Ishan' in the design.

ERROR: [USF-XSim-62] 'simulate' step failed with errors. Please check the Tcl console or log files for more information.
ERROR: [Vivado 12-4473] Detected error while running simulation. Please correct the issue and retry this operation.
launch_simulation: Time (s): cpu = 00:00:01 ; elapsed = 00:00:06 . Memory (MB): peak = 1955.957 ; gain = 0.000
ERROR: [Common 17-39] 'launch_simulation' failed due to earlier errors.
launch_runs impl_1 -to_step write_bitstream -jobs 10
[Tue May  7 09:46:29 2024] Launched impl_1...
Run output will be captured here: D:/Ishan Thisara Processor/Ishan Thisara Processor.runs/impl_1/runme.log
open_hw
connect_hw_server
INFO: [Labtools 27-2285] Connecting to hw_server url TCP:localhost:3121
INFO: [Labtools 27-2222] Launching hw_server...
INFO: [Labtools 27-2221] Launch Output:

****** Xilinx hw_server v2018.1
  **** Build date : Apr  4 2018-19:32:53
    ** Copyright 1986-2018 Xilinx, Inc. All Rights Reserved.


open_hw_target
INFO: [Labtoolstcl 44-466] Opening hw_target localhost:3121/xilinx_tcf/Digilent/210183A8A8DCA
set_property PROGRAM.FILE {D:/Ishan Thisara Processor/Ishan Thisara Processor.runs/impl_1/System.bit} [get_hw_devices xc7a35t_0]
current_hw_device [get_hw_devices xc7a35t_0]
refresh_hw_device -update_hw_probes false [lindex [get_hw_devices xc7a35t_0] 0]
INFO: [Labtools 27-1435] Device xc7a35t (JTAG device index = 0) is not programmed (DONE status = 0).
set_property PROBES.FILE {} [get_hw_devices xc7a35t_0]
set_property FULL_PROBES.FILE {} [get_hw_devices xc7a35t_0]
set_property PROGRAM.FILE {D:/Ishan Thisara Processor/Ishan Thisara Processor.runs/impl_1/System.bit} [get_hw_devices xc7a35t_0]
program_hw_devices [get_hw_devices xc7a35t_0]
INFO: [Labtools 27-3164] End of startup status: HIGH
refresh_hw_device [lindex [get_hw_devices xc7a35t_0] 0]
INFO: [Labtools 27-1434] Device xc7a35t (JTAG device index = 0) is programmed with a design that has no supported debug core(s) in it.
WARNING: [Labtools 27-3361] The debug hub core was not detected.
Resolution: 
1. Make sure the clock connected to the debug hub (dbg_hub) core is a free running clock and is active.
2. Make sure the BSCAN_SWITCH_USER_MASK device property in Vivado Hardware Manager reflects the user scan chain setting in the design and refresh the device.  To determine the user scan chain setting in the design, open the implemented design and use 'get_property C_USER_SCAN_CHAIN [get_debug_cores dbg_hub]'.
For more details on setting the scan chain property, consult the Vivado Debug and Programming User Guide (UG908).
reset_run synth_1
WARNING: [Vivado 12-1017] Problems encountered:
1. Failed to delete one or more files in run directory D:/Ishan Thisara Processor/Ishan Thisara Processor.runs/synth_1

launch_runs impl_1 -to_step write_bitstream -jobs 10
[Tue May  7 09:49:06 2024] Launched synth_1...
Run output will be captured here: D:/Ishan Thisara Processor/Ishan Thisara Processor.runs/synth_1/runme.log
[Tue May  7 09:49:06 2024] Launched impl_1...
Run output will be captured here: D:/Ishan Thisara Processor/Ishan Thisara Processor.runs/impl_1/runme.log
reset_run impl_1 -prev_step 
launch_runs impl_1 -to_step write_bitstream -jobs 10
[Tue May  7 09:51:04 2024] Launched impl_1...
Run output will be captured here: D:/Ishan Thisara Processor/Ishan Thisara Processor.runs/impl_1/runme.log
set_property PROBES.FILE {} [get_hw_devices xc7a35t_0]
set_property FULL_PROBES.FILE {} [get_hw_devices xc7a35t_0]
set_property PROGRAM.FILE {D:/Ishan Thisara Processor/Ishan Thisara Processor.runs/impl_1/System.bit} [get_hw_devices xc7a35t_0]
program_hw_devices [get_hw_devices xc7a35t_0]
INFO: [Labtools 27-3164] End of startup status: HIGH
refresh_hw_device [lindex [get_hw_devices xc7a35t_0] 0]
INFO: [Labtools 27-1434] Device xc7a35t (JTAG device index = 0) is programmed with a design that has no supported debug core(s) in it.
WARNING: [Labtools 27-3361] The debug hub core was not detected.
Resolution: 
1. Make sure the clock connected to the debug hub (dbg_hub) core is a free running clock and is active.
2. Make sure the BSCAN_SWITCH_USER_MASK device property in Vivado Hardware Manager reflects the user scan chain setting in the design and refresh the device.  To determine the user scan chain setting in the design, open the implemented design and use 'get_property C_USER_SCAN_CHAIN [get_debug_cores dbg_hub]'.
For more details on setting the scan chain property, consult the Vivado Debug and Programming User Guide (UG908).
close_hw
exit
INFO: [Common 17-206] Exiting Vivado at Tue May  7 09:55:24 2024...
