#-----------------------------------------------------------
# Vivado v2018.1 (64-bit)
# SW Build 2188600 on Wed Apr  4 18:40:38 MDT 2018
# IP Build 2185939 on Wed Apr  4 20:55:05 MDT 2018
# Start of session at: Tue May  7 13:20:14 2024
# Process ID: 2860
# Current directory: D:/Ishan Thisara Processor new
# Command line: vivado.exe -gui_launcher_event rodinguilauncherevent11668 D:\Ishan Thisara Processor new\Ishan Thisara Processor.xpr
# Log file: D:/Ishan Thisara Processor new/vivado.log
# Journal file: D:/Ishan Thisara Processor new\vivado.jou
#-----------------------------------------------------------
start_gui
open_project {D:/Ishan Thisara Processor new/Ishan Thisara Processor.xpr}
CRITICAL WARNING: [Project 1-19] Could not find the file 'D:/Lab 3/Lab 3.srcs/sources_1/new/FA.vhd'.
CRITICAL WARNING: [Project 1-19] Could not find the file 'D:/Lab 3/Lab 3.srcs/sources_1/new/HA.vhd'.
Scanning sources...
Finished scanning sources
INFO: [IP_Flow 19-234] Refreshing IP repositories
INFO: [IP_Flow 19-1704] No user IP repositories specified
INFO: [IP_Flow 19-2313] Loaded Vivado IP repository 'D:/Vivado/2018.1/data/ip'.
open_project: Time (s): cpu = 00:00:03 ; elapsed = 00:00:05 . Memory (MB): peak = 939.246 ; gain = 168.289
update_compile_order -fileset sources_1
exit
INFO: [Common 17-206] Exiting Vivado at Tue May  7 13:45:47 2024...
